Error parsing /git/windmill/backend/windmill-api/openapi.yaml: duplicated mapping key (8350:3)

 8347 |             application/json:
 8348 |               schema: {}
 8349 | 
 8350 |   /w/{workspace}/job_helpers/loa ...
----------^
 8351 |     get:
 8352 |       summary: Load a preview of ...
ParserError: Error parsing /git/windmill/backend/windmill-api/openapi.yaml: duplicated mapping key (8350:3)

 8347 |             application/json:
 8348 |               schema: {}
 8349 | 
 8350 |   /w/{workspace}/job_helpers/loa ...
----------^
 8351 |     get:
 8352 |       summary: Load a preview of ...
    at Object.parse (/git/windmill/frontend/node_modules/@apidevtools/json-schema-ref-parser/dist/lib/parsers/yaml.js:44:23)
    at getResult (/git/windmill/frontend/node_modules/@apidevtools/json-schema-ref-parser/dist/lib/util/plugins.js:116:22)
    at runNextPlugin (/git/windmill/frontend/node_modules/@apidevtools/json-schema-ref-parser/dist/lib/util/plugins.js:64:32)
    at /git/windmill/frontend/node_modules/@apidevtools/json-schema-ref-parser/dist/lib/util/plugins.js:55:9
    at new Promise (<anonymous>)
    at Object.run (/git/windmill/frontend/node_modules/@apidevtools/json-schema-ref-parser/dist/lib/util/plugins.js:54:12)
    at parseFile (/git/windmill/frontend/node_modules/@apidevtools/json-schema-ref-parser/dist/lib/parse.js:130:38)
    at parse (/git/windmill/frontend/node_modules/@apidevtools/json-schema-ref-parser/dist/lib/parse.js:56:30)
    at async $RefParser.parse (/git/windmill/frontend/node_modules/@apidevtools/json-schema-ref-parser/dist/lib/index.js:115:28)
    at async $RefParser.resolve (/git/windmill/frontend/node_modules/@apidevtools/json-schema-ref-parser/dist/lib/index.js:145:13)