Error parsing /git/windmill/backend/windmill-api/openapi.yaml: can not read a block mapping entry; a multiline key may not be an implicit key (6719:41)

 6716 |  ...              additionalProperties:
 6717 |  ...                $ref: "#/components/schemas/InputTransform"
 6718 |  ... D
 6719 |  ...            use_latest_version: boolean
------------------------------------------^
 6720 |  ... 
 6721 |  ...            use_latest_version:
JSONParserError: Error parsing /git/windmill/backend/windmill-api/openapi.yaml: can not read a block mapping entry; a multiline key may not be an implicit key (6719:41)

 6716 |  ...              additionalProperties:
 6717 |  ...                $ref: "#/components/schemas/InputTransform"
 6718 |  ... D
 6719 |  ...            use_latest_version: boolean
------------------------------------------^
 6720 |  ... 
 6721 |  ...            use_latest_version:
    at Object.parse (/git/windmill/frontend/node_modules/@apidevtools/json-schema-ref-parser/dist/lib/parsers/yaml.js:44:23)
    at getResult (/git/windmill/frontend/node_modules/@apidevtools/json-schema-ref-parser/dist/lib/util/plugins.js:116:22)
    at runNextPlugin (/git/windmill/frontend/node_modules/@apidevtools/json-schema-ref-parser/dist/lib/util/plugins.js:64:32)
    at /git/windmill/frontend/node_modules/@apidevtools/json-schema-ref-parser/dist/lib/util/plugins.js:55:9
    at new Promise (<anonymous>)
    at Object.run (/git/windmill/frontend/node_modules/@apidevtools/json-schema-ref-parser/dist/lib/util/plugins.js:54:12)
    at parseFile (/git/windmill/frontend/node_modules/@apidevtools/json-schema-ref-parser/dist/lib/parse.js:130:38)
    at parse (/git/windmill/frontend/node_modules/@apidevtools/json-schema-ref-parser/dist/lib/parse.js:56:30)
    at async $RefParser.parse (/git/windmill/frontend/node_modules/@apidevtools/json-schema-ref-parser/dist/lib/index.js:115:28)
    at async $RefParser.resolve (/git/windmill/frontend/node_modules/@apidevtools/json-schema-ref-parser/dist/lib/index.js:145:13)