Error parsing /home/dieriba/windmill/backend/windmill-api/openapi.yaml: bad indentation of a mapping entry (8186:19)

 8183 |         description: boolean that indicates if d ...
 8184 |         content:
 8185 |           application/json
 8186 |             schema:
--------------------------^
 8187 |               type: boolean
 8188 | 
ParserError: Error parsing /home/dieriba/windmill/backend/windmill-api/openapi.yaml: bad indentation of a mapping entry (8186:19)

 8183 |         description: boolean that indicates if d ...
 8184 |         content:
 8185 |           application/json
 8186 |             schema:
--------------------------^
 8187 |               type: boolean
 8188 | 
    at Object.parse (/home/dieriba/windmill/frontend/node_modules/@apidevtools/json-schema-ref-parser/dist/lib/parsers/yaml.js:44:23)
    at getResult (/home/dieriba/windmill/frontend/node_modules/@apidevtools/json-schema-ref-parser/dist/lib/util/plugins.js:116:22)
    at runNextPlugin (/home/dieriba/windmill/frontend/node_modules/@apidevtools/json-schema-ref-parser/dist/lib/util/plugins.js:64:32)
    at /home/dieriba/windmill/frontend/node_modules/@apidevtools/json-schema-ref-parser/dist/lib/util/plugins.js:55:9
    at new Promise (<anonymous>)
    at Object.run (/home/dieriba/windmill/frontend/node_modules/@apidevtools/json-schema-ref-parser/dist/lib/util/plugins.js:54:12)
    at parseFile (/home/dieriba/windmill/frontend/node_modules/@apidevtools/json-schema-ref-parser/dist/lib/parse.js:130:38)
    at parse (/home/dieriba/windmill/frontend/node_modules/@apidevtools/json-schema-ref-parser/dist/lib/parse.js:56:30)
    at async $RefParser.parse (/home/dieriba/windmill/frontend/node_modules/@apidevtools/json-schema-ref-parser/dist/lib/index.js:115:28)
    at async $RefParser.resolve (/home/dieriba/windmill/frontend/node_modules/@apidevtools/json-schema-ref-parser/dist/lib/index.js:145:13)