Error parsing /home/dieri/windmill/backend/windmill-api/openapi.yaml: bad indentation of a mapping entry (12315:18)

 12312 |           type: string
 12313 |         relations:
 12314 |           type: array
 12315 |             items:
--------------------------^
 12316 |               $ref: "#/components/schemas/Relat ...
 12317 |         language:
JSONParserError: Error parsing /home/dieri/windmill/backend/windmill-api/openapi.yaml: bad indentation of a mapping entry (12315:18)

 12312 |           type: string
 12313 |         relations:
 12314 |           type: array
 12315 |             items:
--------------------------^
 12316 |               $ref: "#/components/schemas/Relat ...
 12317 |         language:
    at Object.parse (/home/dieri/windmill/frontend/node_modules/@apidevtools/json-schema-ref-parser/dist/lib/parsers/yaml.js:44:23)
    at getResult (/home/dieri/windmill/frontend/node_modules/@apidevtools/json-schema-ref-parser/dist/lib/util/plugins.js:116:22)
    at runNextPlugin (/home/dieri/windmill/frontend/node_modules/@apidevtools/json-schema-ref-parser/dist/lib/util/plugins.js:64:32)
    at /home/dieri/windmill/frontend/node_modules/@apidevtools/json-schema-ref-parser/dist/lib/util/plugins.js:55:9
    at new Promise (<anonymous>)
    at Object.run (/home/dieri/windmill/frontend/node_modules/@apidevtools/json-schema-ref-parser/dist/lib/util/plugins.js:54:12)
    at parseFile (/home/dieri/windmill/frontend/node_modules/@apidevtools/json-schema-ref-parser/dist/lib/parse.js:130:38)
    at parse (/home/dieri/windmill/frontend/node_modules/@apidevtools/json-schema-ref-parser/dist/lib/parse.js:56:30)
    at async $RefParser.parse (/home/dieri/windmill/frontend/node_modules/@apidevtools/json-schema-ref-parser/dist/lib/index.js:115:28)
    at async $RefParser.resolve (/home/dieri/windmill/frontend/node_modules/@apidevtools/json-schema-ref-parser/dist/lib/index.js:145:13)