[    1027ms] [ERROR] Failed to load resource: the server responded with a status of 404 (Not Found) @ http://localhost:3000/api/w/test/native_triggers/integrations/nextcloud/exists:0
[    1030ms] [ERROR] Failed to load resource: the server responded with a status of 404 (Not Found) @ http://localhost:3000/api/w/test/native_triggers/integrations/nextcloud/exists:0
[    9605ms] [ERROR] Failed to load resource: the server responded with a status of 404 (Not Found) @ http://localhost:3000/node_modules/.vite/worker/webWorkerExtensionHostIframe.html?vscode-coi=3&parentOrigin=http%3A%2F%2Flocalhost%3A3000&vscodeWebWorkerExtHostId=49a25b8a-805f-47eb-bd23-c696c475d4e6:0
[    9605ms] [WARNING] An iframe which has both allow-scripts and allow-same-origin for its sandbox attribute can escape its sandboxing. @ http://localhost:3000/node_modules/.vite/worker/webWorkerExtensionHostIframe.html?vscode-coi=3&parentOrigin=http%3A%2F%2Flocalhost%3A3000&vscodeWebWorkerExtHostId=49a25b8a-805f-47eb-bd23-c696c475d4e6:0
[    9637ms] [WARNING] The next HMR update will cause the page to reload @ http://localhost:3000/node_modules/@sveltejs/kit/src/runtime/client/client.js?v=04afb17d:3207
[    9637ms] [ERROR] SvelteKitError: Not found: /node_modules/.vite/worker/webWorkerExtensionHostIframe.html
    at navigate (http://localhost:3000/node_modules/@sveltejs/kit/src/runtime/client/client.js?v=04afb17d:1600:24)
    at async Module.start (http://localhost:3000/node_modules/@sveltejs/kit/src/runtime/client/client.js?v=04afb17d:363:3) @ http://localhost:3000/@fs/home/rfiszel/windmill-iac/frontend/.svelte-kit/generated/client/app.js:176
[    9649ms] [WARNING] Could not create web worker(s). Falling back to loading web worker code in main thread, which might cause UI freezes. Please see https://github.com/microsoft/monaco-editor#faq @ http://localhost:3000/node_modules/@sveltejs/kit/src/runtime/client/client.js?v=04afb17d:3207
[    9649ms] [WARNING] Unimplemented worker editorWorkerService (workerMain.js) @ http://localhost:3000/node_modules/@sveltejs/kit/src/runtime/client/client.js?v=04afb17d:3207
[   10309ms] [WARNING] Unable to read file '/59mdgpr38f.yaml' (Error: Unable to resolve nonexistent file '/59mdgpr38f.yaml') @ http://localhost:3000/node_modules/@sveltejs/kit/src/runtime/client/client.js?v=04afb17d:3207
[   31170ms] [ERROR] Failed to load resource: the server responded with a status of 404 (Not Found) @ http://localhost:3000/api/w/test/native_triggers/integrations/nextcloud/exists:0
[   31171ms] [ERROR] Failed to load resource: the server responded with a status of 404 (Not Found) @ http://localhost:3000/api/w/test/native_triggers/integrations/nextcloud/exists:0
[   38999ms] [ERROR] Failed to load resource: the server responded with a status of 404 (Not Found) @ http://localhost:3000/node_modules/.vite/worker/webWorkerExtensionHostIframe.html?vscode-coi=3&parentOrigin=http%3A%2F%2Flocalhost%3A3000&vscodeWebWorkerExtHostId=fff515d9-21ea-40df-8698-2e842aa32cf1:0
[   38999ms] [WARNING] An iframe which has both allow-scripts and allow-same-origin for its sandbox attribute can escape its sandboxing. @ http://localhost:3000/node_modules/.vite/worker/webWorkerExtensionHostIframe.html?vscode-coi=3&parentOrigin=http%3A%2F%2Flocalhost%3A3000&vscodeWebWorkerExtHostId=fff515d9-21ea-40df-8698-2e842aa32cf1:0
[   39028ms] [WARNING] The next HMR update will cause the page to reload @ http://localhost:3000/node_modules/@sveltejs/kit/src/runtime/client/client.js?v=04afb17d:3207
[   39028ms] [ERROR] SvelteKitError: Not found: /node_modules/.vite/worker/webWorkerExtensionHostIframe.html
    at navigate (http://localhost:3000/node_modules/@sveltejs/kit/src/runtime/client/client.js?v=04afb17d:1600:24)
    at async Module.start (http://localhost:3000/node_modules/@sveltejs/kit/src/runtime/client/client.js?v=04afb17d:363:3) @ http://localhost:3000/@fs/home/rfiszel/windmill-iac/frontend/.svelte-kit/generated/client/app.js:176
[   39056ms] [WARNING] Could not create web worker(s). Falling back to loading web worker code in main thread, which might cause UI freezes. Please see https://github.com/microsoft/monaco-editor#faq @ http://localhost:3000/node_modules/@sveltejs/kit/src/runtime/client/client.js?v=04afb17d:3207
[   39056ms] [WARNING] Unimplemented worker editorWorkerService (workerMain.js) @ http://localhost:3000/node_modules/@sveltejs/kit/src/runtime/client/client.js?v=04afb17d:3207
[   98952ms] [WARNING] The Web Worker Extension Host did not start in 60s, that might be a problem. @ http://localhost:3000/node_modules/@sveltejs/kit/src/runtime/client/client.js?v=04afb17d:3207
[  266192ms] [ERROR] Failed to load resource: the server responded with a status of 404 (Not Found) @ http://localhost:3000/node_modules/.vite/worker/webWorkerExtensionHostIframe.html?vscode-coi=3&parentOrigin=http%3A%2F%2Flocalhost%3A3000&vscodeWebWorkerExtHostId=fff515d9-21ea-40df-8698-2e842aa32cf1:0
[  266192ms] [WARNING] An iframe which has both allow-scripts and allow-same-origin for its sandbox attribute can escape its sandboxing. @ http://localhost:3000/node_modules/.vite/worker/webWorkerExtensionHostIframe.html?vscode-coi=3&parentOrigin=http%3A%2F%2Flocalhost%3A3000&vscodeWebWorkerExtHostId=fff515d9-21ea-40df-8698-2e842aa32cf1:0
[  266362ms] [WARNING] The next HMR update will cause the page to reload @ http://localhost:3000/node_modules/@sveltejs/kit/src/runtime/client/client.js?v=04afb17d:3207
[  266365ms] [ERROR] SvelteKitError: Not found: /node_modules/.vite/worker/webWorkerExtensionHostIframe.html
    at navigate (http://localhost:3000/node_modules/@sveltejs/kit/src/runtime/client/client.js?v=04afb17d:1600:24)
    at async Module.start (http://localhost:3000/node_modules/@sveltejs/kit/src/runtime/client/client.js?v=04afb17d:363:3) @ http://localhost:3000/@fs/home/rfiszel/windmill-iac/frontend/.svelte-kit/generated/client/app.js:176
[  271485ms] [ERROR] Failed to load resource: the server responded with a status of 404 (Not Found) @ http://localhost:3000/node_modules/.vite/worker/webWorkerExtensionHostIframe.html?vscode-coi=3&parentOrigin=http%3A%2F%2Flocalhost%3A3000&vscodeWebWorkerExtHostId=fff515d9-21ea-40df-8698-2e842aa32cf1:0
[  271485ms] [WARNING] An iframe which has both allow-scripts and allow-same-origin for its sandbox attribute can escape its sandboxing. @ http://localhost:3000/node_modules/.vite/worker/webWorkerExtensionHostIframe.html?vscode-coi=3&parentOrigin=http%3A%2F%2Flocalhost%3A3000&vscodeWebWorkerExtHostId=fff515d9-21ea-40df-8698-2e842aa32cf1:0
[  271688ms] [WARNING] The next HMR update will cause the page to reload @ http://localhost:3000/node_modules/@sveltejs/kit/src/runtime/client/client.js?v=04afb17d:3207
[  271688ms] [ERROR] SvelteKitError: Not found: /node_modules/.vite/worker/webWorkerExtensionHostIframe.html
    at navigate (http://localhost:3000/node_modules/@sveltejs/kit/src/runtime/client/client.js?v=04afb17d:1600:24)
    at async Module.start (http://localhost:3000/node_modules/@sveltejs/kit/src/runtime/client/client.js?v=04afb17d:363:3) @ http://localhost:3000/@fs/home/rfiszel/windmill-iac/frontend/.svelte-kit/generated/client/app.js:176
[  276148ms] [ERROR] Failed to load resource: the server responded with a status of 404 (Not Found) @ http://localhost:3000/node_modules/.vite/worker/webWorkerExtensionHostIframe.html?vscode-coi=3&parentOrigin=http%3A%2F%2Flocalhost%3A3000&vscodeWebWorkerExtHostId=fff515d9-21ea-40df-8698-2e842aa32cf1:0
[  276148ms] [WARNING] An iframe which has both allow-scripts and allow-same-origin for its sandbox attribute can escape its sandboxing. @ http://localhost:3000/node_modules/.vite/worker/webWorkerExtensionHostIframe.html?vscode-coi=3&parentOrigin=http%3A%2F%2Flocalhost%3A3000&vscodeWebWorkerExtHostId=fff515d9-21ea-40df-8698-2e842aa32cf1:0
[  276301ms] [WARNING] The next HMR update will cause the page to reload @ http://localhost:3000/node_modules/@sveltejs/kit/src/runtime/client/client.js?v=04afb17d:3207
[  276301ms] [ERROR] SvelteKitError: Not found: /node_modules/.vite/worker/webWorkerExtensionHostIframe.html
    at navigate (http://localhost:3000/node_modules/@sveltejs/kit/src/runtime/client/client.js?v=04afb17d:1600:24)
    at async Module.start (http://localhost:3000/node_modules/@sveltejs/kit/src/runtime/client/client.js?v=04afb17d:363:3) @ http://localhost:3000/@fs/home/rfiszel/windmill-iac/frontend/.svelte-kit/generated/client/app.js:176
[  279625ms] [ERROR] Failed to load resource: the server responded with a status of 404 (Not Found) @ http://localhost:3000/node_modules/.vite/worker/webWorkerExtensionHostIframe.html?vscode-coi=3&parentOrigin=http%3A%2F%2Flocalhost%3A3000&vscodeWebWorkerExtHostId=fff515d9-21ea-40df-8698-2e842aa32cf1:0
[  279625ms] [WARNING] An iframe which has both allow-scripts and allow-same-origin for its sandbox attribute can escape its sandboxing. @ http://localhost:3000/node_modules/.vite/worker/webWorkerExtensionHostIframe.html?vscode-coi=3&parentOrigin=http%3A%2F%2Flocalhost%3A3000&vscodeWebWorkerExtHostId=fff515d9-21ea-40df-8698-2e842aa32cf1:0
[  279782ms] [WARNING] The next HMR update will cause the page to reload @ http://localhost:3000/node_modules/@sveltejs/kit/src/runtime/client/client.js?v=04afb17d:3207
[  279783ms] [ERROR] SvelteKitError: Not found: /node_modules/.vite/worker/webWorkerExtensionHostIframe.html
    at navigate (http://localhost:3000/node_modules/@sveltejs/kit/src/runtime/client/client.js?v=04afb17d:1600:24)
    at async Module.start (http://localhost:3000/node_modules/@sveltejs/kit/src/runtime/client/client.js?v=04afb17d:363:3) @ http://localhost:3000/@fs/home/rfiszel/windmill-iac/frontend/.svelte-kit/generated/client/app.js:176
