[     785ms] [ERROR] Failed to load resource: the server responded with a status of 404 (Not Found) @ http://localhost:3000/api/w/test/native_triggers/integrations/nextcloud/exists:0
[     790ms] [ERROR] Failed to load resource: the server responded with a status of 404 (Not Found) @ http://localhost:3000/api/w/test/native_triggers/integrations/nextcloud/exists:0
[  394529ms] [WARNING] Could not create web worker(s). Falling back to loading web worker code in main thread, which might cause UI freezes. Please see https://github.com/microsoft/monaco-editor#faq @ http://localhost:3000/node_modules/@sveltejs/kit/src/runtime/client/client.js?v=04afb17d:3207
[  394529ms] [WARNING] Unimplemented worker editorWorkerService (workerMain.js) @ http://localhost:3000/node_modules/@sveltejs/kit/src/runtime/client/client.js?v=04afb17d:3207
[  394547ms] [ERROR] Failed to load resource: the server responded with a status of 404 (Not Found) @ http://localhost:3000/node_modules/.vite/worker/webWorkerExtensionHostIframe.html?vscode-coi=3&parentOrigin=http%3A%2F%2Flocalhost%3A3000&vscodeWebWorkerExtHostId=a0788979-90b3-4a09-ad07-dd0c62447e26:0
[  394547ms] [WARNING] An iframe which has both allow-scripts and allow-same-origin for its sandbox attribute can escape its sandboxing. @ http://localhost:3000/node_modules/.vite/worker/webWorkerExtensionHostIframe.html?vscode-coi=3&parentOrigin=http%3A%2F%2Flocalhost%3A3000&vscodeWebWorkerExtHostId=a0788979-90b3-4a09-ad07-dd0c62447e26:0
[  394612ms] [WARNING] The next HMR update will cause the page to reload @ http://localhost:3000/node_modules/@sveltejs/kit/src/runtime/client/client.js?v=04afb17d:3207
[  394612ms] [ERROR] SvelteKitError: Not found: /node_modules/.vite/worker/webWorkerExtensionHostIframe.html
    at navigate (http://localhost:3000/node_modules/@sveltejs/kit/src/runtime/client/client.js?v=04afb17d:1600:24)
    at async Module.start (http://localhost:3000/node_modules/@sveltejs/kit/src/runtime/client/client.js?v=04afb17d:363:3) @ http://localhost:3000/@fs/home/rfiszel/windmill-iac/frontend/.svelte-kit/generated/client/app.js:176
[  454462ms] [WARNING] The Web Worker Extension Host did not start in 60s, that might be a problem. @ http://localhost:3000/node_modules/@sveltejs/kit/src/runtime/client/client.js?v=04afb17d:3207
[  605306ms] [ERROR] Failed to load resource: the server responded with a status of 404 (Not Found) @ http://localhost:3000/node_modules/.vite/worker/webWorkerExtensionHostIframe.html?vscode-coi=3&parentOrigin=http%3A%2F%2Flocalhost%3A3000&vscodeWebWorkerExtHostId=a0788979-90b3-4a09-ad07-dd0c62447e26:0
[  605306ms] [WARNING] An iframe which has both allow-scripts and allow-same-origin for its sandbox attribute can escape its sandboxing. @ http://localhost:3000/node_modules/.vite/worker/webWorkerExtensionHostIframe.html?vscode-coi=3&parentOrigin=http%3A%2F%2Flocalhost%3A3000&vscodeWebWorkerExtHostId=a0788979-90b3-4a09-ad07-dd0c62447e26:0
[  605483ms] [WARNING] The next HMR update will cause the page to reload @ http://localhost:3000/node_modules/@sveltejs/kit/src/runtime/client/client.js?v=04afb17d:3207
[  605484ms] [ERROR] SvelteKitError: Not found: /node_modules/.vite/worker/webWorkerExtensionHostIframe.html
    at navigate (http://localhost:3000/node_modules/@sveltejs/kit/src/runtime/client/client.js?v=04afb17d:1600:24)
    at async Module.start (http://localhost:3000/node_modules/@sveltejs/kit/src/runtime/client/client.js?v=04afb17d:363:3) @ http://localhost:3000/@fs/home/rfiszel/windmill-iac/frontend/.svelte-kit/generated/client/app.js:176
[  618039ms] [ERROR] Failed to load resource: the server responded with a status of 404 (Not Found) @ http://localhost:3000/node_modules/.vite/worker/webWorkerExtensionHostIframe.html?vscode-coi=3&parentOrigin=http%3A%2F%2Flocalhost%3A3000&vscodeWebWorkerExtHostId=a0788979-90b3-4a09-ad07-dd0c62447e26:0
[  618039ms] [WARNING] An iframe which has both allow-scripts and allow-same-origin for its sandbox attribute can escape its sandboxing. @ http://localhost:3000/node_modules/.vite/worker/webWorkerExtensionHostIframe.html?vscode-coi=3&parentOrigin=http%3A%2F%2Flocalhost%3A3000&vscodeWebWorkerExtHostId=a0788979-90b3-4a09-ad07-dd0c62447e26:0
[  618060ms] [WARNING] The next HMR update will cause the page to reload @ http://localhost:3000/node_modules/@sveltejs/kit/src/runtime/client/client.js?v=04afb17d:3207
[  618060ms] [ERROR] SvelteKitError: Not found: /node_modules/.vite/worker/webWorkerExtensionHostIframe.html
    at navigate (http://localhost:3000/node_modules/@sveltejs/kit/src/runtime/client/client.js?v=04afb17d:1600:24)
    at async Module.start (http://localhost:3000/node_modules/@sveltejs/kit/src/runtime/client/client.js?v=04afb17d:363:3) @ http://localhost:3000/@fs/home/rfiszel/windmill-iac/frontend/.svelte-kit/generated/client/app.js:176
[  626068ms] [ERROR] Failed to load resource: the server responded with a status of 404 (Not Found) @ http://localhost:3000/node_modules/.vite/worker/webWorkerExtensionHostIframe.html?vscode-coi=3&parentOrigin=http%3A%2F%2Flocalhost%3A3000&vscodeWebWorkerExtHostId=a0788979-90b3-4a09-ad07-dd0c62447e26:0
[  626068ms] [WARNING] An iframe which has both allow-scripts and allow-same-origin for its sandbox attribute can escape its sandboxing. @ http://localhost:3000/node_modules/.vite/worker/webWorkerExtensionHostIframe.html?vscode-coi=3&parentOrigin=http%3A%2F%2Flocalhost%3A3000&vscodeWebWorkerExtHostId=a0788979-90b3-4a09-ad07-dd0c62447e26:0
[  626237ms] [WARNING] The next HMR update will cause the page to reload @ http://localhost:3000/node_modules/@sveltejs/kit/src/runtime/client/client.js?v=04afb17d:3207
[  626237ms] [ERROR] SvelteKitError: Not found: /node_modules/.vite/worker/webWorkerExtensionHostIframe.html
    at navigate (http://localhost:3000/node_modules/@sveltejs/kit/src/runtime/client/client.js?v=04afb17d:1600:24)
    at async Module.start (http://localhost:3000/node_modules/@sveltejs/kit/src/runtime/client/client.js?v=04afb17d:363:3) @ http://localhost:3000/@fs/home/rfiszel/windmill-iac/frontend/.svelte-kit/generated/client/app.js:176
