[     714ms] [ERROR] Failed to load resource: the server responded with a status of 404 (Not Found) @ http://localhost:3000/api/w/test/native_triggers/integrations/nextcloud/exists:0
[     716ms] [ERROR] Failed to load resource: the server responded with a status of 404 (Not Found) @ http://localhost:3000/api/w/test/native_triggers/integrations/nextcloud/exists:0
[   14551ms] [ERROR] Failed to load resource: the server responded with a status of 404 (Not Found) @ http://localhost:3000/node_modules/.vite/worker/webWorkerExtensionHostIframe.html?vscode-coi=3&parentOrigin=http%3A%2F%2Flocalhost%3A3000&vscodeWebWorkerExtHostId=d18bcc79-2eca-4cd7-8bf4-a56db1b5f4d3:0
[   14551ms] [WARNING] An iframe which has both allow-scripts and allow-same-origin for its sandbox attribute can escape its sandboxing. @ http://localhost:3000/node_modules/.vite/worker/webWorkerExtensionHostIframe.html?vscode-coi=3&parentOrigin=http%3A%2F%2Flocalhost%3A3000&vscodeWebWorkerExtHostId=d18bcc79-2eca-4cd7-8bf4-a56db1b5f4d3:0
[   14579ms] [WARNING] The next HMR update will cause the page to reload @ http://localhost:3000/node_modules/@sveltejs/kit/src/runtime/client/client.js?v=04afb17d:3207
[   14579ms] [ERROR] SvelteKitError: Not found: /node_modules/.vite/worker/webWorkerExtensionHostIframe.html
    at navigate (http://localhost:3000/node_modules/@sveltejs/kit/src/runtime/client/client.js?v=04afb17d:1600:24)
    at async Module.start (http://localhost:3000/node_modules/@sveltejs/kit/src/runtime/client/client.js?v=04afb17d:363:3) @ http://localhost:3000/@fs/home/rfiszel/windmill-iac/frontend/.svelte-kit/generated/client/app.js:176
[   14589ms] [WARNING] Could not create web worker(s). Falling back to loading web worker code in main thread, which might cause UI freezes. Please see https://github.com/microsoft/monaco-editor#faq @ http://localhost:3000/node_modules/@sveltejs/kit/src/runtime/client/client.js?v=04afb17d:3207
[   14589ms] [WARNING] Unimplemented worker editorWorkerService (workerMain.js) @ http://localhost:3000/node_modules/@sveltejs/kit/src/runtime/client/client.js?v=04afb17d:3207
[   74483ms] [WARNING] The Web Worker Extension Host did not start in 60s, that might be a problem. @ http://localhost:3000/node_modules/@sveltejs/kit/src/runtime/client/client.js?v=04afb17d:3207
[  135800ms] [ERROR] Failed to load resource: the server responded with a status of 404 (Not Found) @ http://localhost:3000/node_modules/.vite/worker/webWorkerExtensionHostIframe.html?vscode-coi=3&parentOrigin=http%3A%2F%2Flocalhost%3A3000&vscodeWebWorkerExtHostId=d18bcc79-2eca-4cd7-8bf4-a56db1b5f4d3:0
[  135800ms] [WARNING] An iframe which has both allow-scripts and allow-same-origin for its sandbox attribute can escape its sandboxing. @ http://localhost:3000/node_modules/.vite/worker/webWorkerExtensionHostIframe.html?vscode-coi=3&parentOrigin=http%3A%2F%2Flocalhost%3A3000&vscodeWebWorkerExtHostId=d18bcc79-2eca-4cd7-8bf4-a56db1b5f4d3:0
[  136018ms] [WARNING] The next HMR update will cause the page to reload @ http://localhost:3000/node_modules/@sveltejs/kit/src/runtime/client/client.js?v=04afb17d:3207
[  136018ms] [ERROR] SvelteKitError: Not found: /node_modules/.vite/worker/webWorkerExtensionHostIframe.html
    at navigate (http://localhost:3000/node_modules/@sveltejs/kit/src/runtime/client/client.js?v=04afb17d:1600:24)
    at async Module.start (http://localhost:3000/node_modules/@sveltejs/kit/src/runtime/client/client.js?v=04afb17d:363:3) @ http://localhost:3000/@fs/home/rfiszel/windmill-iac/frontend/.svelte-kit/generated/client/app.js:176
[  157177ms] [ERROR] Failed to load resource: the server responded with a status of 404 (Not Found) @ http://localhost:3000/node_modules/.vite/worker/webWorkerExtensionHostIframe.html?vscode-coi=3&parentOrigin=http%3A%2F%2Flocalhost%3A3000&vscodeWebWorkerExtHostId=d18bcc79-2eca-4cd7-8bf4-a56db1b5f4d3:0
[  157177ms] [WARNING] An iframe which has both allow-scripts and allow-same-origin for its sandbox attribute can escape its sandboxing. @ http://localhost:3000/node_modules/.vite/worker/webWorkerExtensionHostIframe.html?vscode-coi=3&parentOrigin=http%3A%2F%2Flocalhost%3A3000&vscodeWebWorkerExtHostId=d18bcc79-2eca-4cd7-8bf4-a56db1b5f4d3:0
[  157203ms] [WARNING] The next HMR update will cause the page to reload @ http://localhost:3000/node_modules/@sveltejs/kit/src/runtime/client/client.js?v=04afb17d:3207
[  157204ms] [ERROR] SvelteKitError: Not found: /node_modules/.vite/worker/webWorkerExtensionHostIframe.html
    at navigate (http://localhost:3000/node_modules/@sveltejs/kit/src/runtime/client/client.js?v=04afb17d:1600:24)
    at async Module.start (http://localhost:3000/node_modules/@sveltejs/kit/src/runtime/client/client.js?v=04afb17d:363:3) @ http://localhost:3000/@fs/home/rfiszel/windmill-iac/frontend/.svelte-kit/generated/client/app.js:176
[  243017ms] [WARNING] Unable to read file '/smvy7js5b9j.yaml' (Error: Unable to resolve nonexistent file '/smvy7js5b9j.yaml') @ http://localhost:3000/node_modules/@sveltejs/kit/src/runtime/client/client.js?v=04afb17d:3207
