[ 1447952ms] [WARNING] Unimplemented worker editorWorkerService (workerMain.js) @ http://localhost:3000/node_modules/@sveltejs/kit/src/runtime/client/client.js?v=04afb17d:3207
[ 1448786ms] [WARNING] Unable to read file '/q1jdz3yv6l.yaml' (Error: Unable to resolve nonexistent file '/q1jdz3yv6l.yaml') @ http://localhost:3000/node_modules/@sveltejs/kit/src/runtime/client/client.js?v=04afb17d:3207
[ 1449369ms] [WARNING] Unable to read file '/q1jdz3yv6l.yaml' (Error: Unable to resolve nonexistent file '/q1jdz3yv6l.yaml') @ http://localhost:3000/node_modules/@sveltejs/kit/src/runtime/client/client.js?v=04afb17d:3207
[ 1455850ms] [WARNING] Unable to read file '/lnch5ro3auj.yaml' (Error: Unable to resolve nonexistent file '/lnch5ro3auj.yaml') @ http://localhost:3000/node_modules/@sveltejs/kit/src/runtime/client/client.js?v=04afb17d:3207
[ 1464517ms] [WARNING] Unable to read file '/7prcnnow8w.yaml' (Error: Unable to resolve nonexistent file '/7prcnnow8w.yaml') @ http://localhost:3000/node_modules/@sveltejs/kit/src/runtime/client/client.js?v=04afb17d:3207
[ 1573187ms] [WARNING] Unable to read file '/7prcnnow8w.yaml' (Error: Unable to resolve nonexistent file '/7prcnnow8w.yaml') @ http://localhost:3000/node_modules/@sveltejs/kit/src/runtime/client/client.js?v=04afb17d:3207
[ 1573523ms] [WARNING] Unable to read file '/7prcnnow8w.yaml' (Error: Unable to resolve nonexistent file '/7prcnnow8w.yaml') @ http://localhost:3000/node_modules/@sveltejs/kit/src/runtime/client/client.js?v=04afb17d:3207
[ 1583390ms] [WARNING] Unable to read file '/7prcnnow8w.yaml' (Error: Unable to resolve nonexistent file '/7prcnnow8w.yaml') @ http://localhost:3000/node_modules/@sveltejs/kit/src/runtime/client/client.js?v=04afb17d:3207
[ 1618839ms] [WARNING] Unable to read file '/7prcnnow8w.yaml' (Error: Unable to resolve nonexistent file '/7prcnnow8w.yaml') @ http://localhost:3000/node_modules/@sveltejs/kit/src/runtime/client/client.js?v=04afb17d:3207
[ 1636383ms] [WARNING] Unable to read file '/7prcnnow8w.yaml' (Error: Unable to resolve nonexistent file '/7prcnnow8w.yaml') @ http://localhost:3000/node_modules/@sveltejs/kit/src/runtime/client/client.js?v=04afb17d:3207
[ 1636853ms] [WARNING] Unable to read file '/7prcnnow8w.yaml' (Error: Unable to resolve nonexistent file '/7prcnnow8w.yaml') @ http://localhost:3000/node_modules/@sveltejs/kit/src/runtime/client/client.js?v=04afb17d:3207
[ 1638750ms] [WARNING] Unable to read file '/7prcnnow8w.yaml' (Error: Unable to resolve nonexistent file '/7prcnnow8w.yaml') @ http://localhost:3000/node_modules/@sveltejs/kit/src/runtime/client/client.js?v=04afb17d:3207
[ 1653653ms] [WARNING] Unable to read file '/odb3kv2wir.yaml' (Error: Unable to resolve nonexistent file '/odb3kv2wir.yaml') @ http://localhost:3000/node_modules/@sveltejs/kit/src/runtime/client/client.js?v=04afb17d:3207
[ 1660633ms] [WARNING] Unable to read file '/znma58hhmdg.yaml' (Error: Unable to resolve nonexistent file '/znma58hhmdg.yaml') @ http://localhost:3000/node_modules/@sveltejs/kit/src/runtime/client/client.js?v=04afb17d:3207
[ 1670253ms] [WARNING] Unable to read file '/1kxnz6o5ye.yaml' (Error: Unable to resolve nonexistent file '/1kxnz6o5ye.yaml') @ http://localhost:3000/node_modules/@sveltejs/kit/src/runtime/client/client.js?v=04afb17d:3207
[ 1670459ms] [WARNING] Unable to read file '/1kxnz6o5ye.yaml' (Error: Unable to resolve nonexistent file '/1kxnz6o5ye.yaml') @ http://localhost:3000/node_modules/@sveltejs/kit/src/runtime/client/client.js?v=04afb17d:3207
[ 1671313ms] [WARNING] Unable to read file '/1kxnz6o5ye.yaml' (Error: Unable to resolve nonexistent file '/1kxnz6o5ye.yaml') @ http://localhost:3000/node_modules/@sveltejs/kit/src/runtime/client/client.js?v=04afb17d:3207
[ 1761025ms] [ERROR] Failed to load resource: the server responded with a status of 404 (Not Found) @ http://localhost:3000/node_modules/.vite/worker/webWorkerExtensionHostIframe.html?vscode-coi=3&parentOrigin=http%3A%2F%2Flocalhost%3A3000&vscodeWebWorkerExtHostId=fff515d9-21ea-40df-8698-2e842aa32cf1:0
[ 1761025ms] [WARNING] An iframe which has both allow-scripts and allow-same-origin for its sandbox attribute can escape its sandboxing. @ http://localhost:3000/node_modules/.vite/worker/webWorkerExtensionHostIframe.html?vscode-coi=3&parentOrigin=http%3A%2F%2Flocalhost%3A3000&vscodeWebWorkerExtHostId=fff515d9-21ea-40df-8698-2e842aa32cf1:0
[ 1761123ms] [WARNING] The next HMR update will cause the page to reload @ http://localhost:3000/node_modules/@sveltejs/kit/src/runtime/client/client.js?v=04afb17d:3207
[ 1761123ms] [ERROR] SvelteKitError: Not found: /node_modules/.vite/worker/webWorkerExtensionHostIframe.html
    at navigate (http://localhost:3000/node_modules/@sveltejs/kit/src/runtime/client/client.js?v=04afb17d:1600:24)
    at async Module.start (http://localhost:3000/node_modules/@sveltejs/kit/src/runtime/client/client.js?v=04afb17d:363:3) @ http://localhost:3000/@fs/home/rfiszel/windmill-iac/frontend/.svelte-kit/generated/client/app.js:176
