[     754ms] [ERROR] Failed to load resource: the server responded with a status of 404 (Not Found) @ http://localhost:3000/api/w/test/native_triggers/integrations/nextcloud/exists:0
[     764ms] [ERROR] Failed to load resource: the server responded with a status of 404 (Not Found) @ http://localhost:3000/api/w/test/native_triggers/integrations/nextcloud/exists:0
[   22278ms] [ERROR] Failed to load resource: the server responded with a status of 404 (Not Found) @ http://localhost:3000/node_modules/.vite/worker/webWorkerExtensionHostIframe.html?vscode-coi=3&parentOrigin=http%3A%2F%2Flocalhost%3A3000&vscodeWebWorkerExtHostId=417f3e2e-dcc7-4ba4-a969-504704fe43be:0
[   22278ms] [WARNING] An iframe which has both allow-scripts and allow-same-origin for its sandbox attribute can escape its sandboxing. @ http://localhost:3000/node_modules/.vite/worker/webWorkerExtensionHostIframe.html?vscode-coi=3&parentOrigin=http%3A%2F%2Flocalhost%3A3000&vscodeWebWorkerExtHostId=417f3e2e-dcc7-4ba4-a969-504704fe43be:0
[   22310ms] [WARNING] The next HMR update will cause the page to reload @ http://localhost:3000/node_modules/@sveltejs/kit/src/runtime/client/client.js?v=04afb17d:3207
[   22310ms] [ERROR] SvelteKitError: Not found: /node_modules/.vite/worker/webWorkerExtensionHostIframe.html
    at navigate (http://localhost:3000/node_modules/@sveltejs/kit/src/runtime/client/client.js?v=04afb17d:1600:24)
    at async Module.start (http://localhost:3000/node_modules/@sveltejs/kit/src/runtime/client/client.js?v=04afb17d:363:3) @ http://localhost:3000/@fs/home/rfiszel/windmill-iac/frontend/.svelte-kit/generated/client/app.js:176
[   22362ms] [WARNING] Could not create web worker(s). Falling back to loading web worker code in main thread, which might cause UI freezes. Please see https://github.com/microsoft/monaco-editor#faq @ http://localhost:3000/node_modules/@sveltejs/kit/src/runtime/client/client.js?v=04afb17d:3207
[   22362ms] [WARNING] Unimplemented worker editorWorkerService (workerMain.js) @ http://localhost:3000/node_modules/@sveltejs/kit/src/runtime/client/client.js?v=04afb17d:3207
[   69007ms] [WARNING] Unable to read file '/hpg5u5jx1i.yaml' (Error: Unable to resolve nonexistent file '/hpg5u5jx1i.yaml') @ http://localhost:3000/node_modules/@sveltejs/kit/src/runtime/client/client.js?v=04afb17d:3207
[   82232ms] [WARNING] The Web Worker Extension Host did not start in 60s, that might be a problem. @ http://localhost:3000/node_modules/@sveltejs/kit/src/runtime/client/client.js?v=04afb17d:3207
[   83498ms] [ERROR] Failed to load resource: the server responded with a status of 404 (Not Found) @ http://localhost:3000/node_modules/.vite/worker/webWorkerExtensionHostIframe.html?vscode-coi=3&parentOrigin=http%3A%2F%2Flocalhost%3A3000&vscodeWebWorkerExtHostId=417f3e2e-dcc7-4ba4-a969-504704fe43be:0
[   83498ms] [WARNING] An iframe which has both allow-scripts and allow-same-origin for its sandbox attribute can escape its sandboxing. @ http://localhost:3000/node_modules/.vite/worker/webWorkerExtensionHostIframe.html?vscode-coi=3&parentOrigin=http%3A%2F%2Flocalhost%3A3000&vscodeWebWorkerExtHostId=417f3e2e-dcc7-4ba4-a969-504704fe43be:0
[   83750ms] [WARNING] The next HMR update will cause the page to reload @ http://localhost:3000/node_modules/@sveltejs/kit/src/runtime/client/client.js?v=04afb17d:3207
[   83750ms] [ERROR] SvelteKitError: Not found: /node_modules/.vite/worker/webWorkerExtensionHostIframe.html
    at navigate (http://localhost:3000/node_modules/@sveltejs/kit/src/runtime/client/client.js?v=04afb17d:1600:24)
    at async Module.start (http://localhost:3000/node_modules/@sveltejs/kit/src/runtime/client/client.js?v=04afb17d:363:3) @ http://localhost:3000/@fs/home/rfiszel/windmill-iac/frontend/.svelte-kit/generated/client/app.js:176
[  147706ms] [ERROR] Failed to load resource: the server responded with a status of 404 (Not Found) @ http://localhost:3000/node_modules/.vite/worker/webWorkerExtensionHostIframe.html?vscode-coi=3&parentOrigin=http%3A%2F%2Flocalhost%3A3000&vscodeWebWorkerExtHostId=417f3e2e-dcc7-4ba4-a969-504704fe43be:0
[  147706ms] [WARNING] An iframe which has both allow-scripts and allow-same-origin for its sandbox attribute can escape its sandboxing. @ http://localhost:3000/node_modules/.vite/worker/webWorkerExtensionHostIframe.html?vscode-coi=3&parentOrigin=http%3A%2F%2Flocalhost%3A3000&vscodeWebWorkerExtHostId=417f3e2e-dcc7-4ba4-a969-504704fe43be:0
[  147860ms] [WARNING] The next HMR update will cause the page to reload @ http://localhost:3000/node_modules/@sveltejs/kit/src/runtime/client/client.js?v=04afb17d:3207
[  147860ms] [ERROR] SvelteKitError: Not found: /node_modules/.vite/worker/webWorkerExtensionHostIframe.html
    at navigate (http://localhost:3000/node_modules/@sveltejs/kit/src/runtime/client/client.js?v=04afb17d:1600:24)
    at async Module.start (http://localhost:3000/node_modules/@sveltejs/kit/src/runtime/client/client.js?v=04afb17d:363:3) @ http://localhost:3000/@fs/home/rfiszel/windmill-iac/frontend/.svelte-kit/generated/client/app.js:176
